<?xml version="1.0" encoding="UTF-8"?>
<!-- Generated by org.testng.reporters.JUnitReportReporter -->
<testsuite hostname="DESKTOP-PPS1TL0" failures="0" tests="7" name="pagesTest.HomePageTest" time="11.761" errors="0" timestamp="2023-11-21T18:31:37 EST" skipped="6">
  <testcase classname="pagesTest.HomePageTest" name="use_of_partialLinkText_as_locator_in_forgot_password_hyperlink" time="11.761"/>
  <testcase classname="pagesTest.HomePageTest" name="use_of_linktext_as_locator_in_forgot_password_id_hyperlink">
    <skipped/>
  </testcase> <!-- use_of_linktext_as_locator_in_forgot_password_id_hyperlink -->
  <testcase classname="pagesTest.HomePageTest" name="clickLoginButtonTest">
    <skipped/>
  </testcase> <!-- clickLoginButtonTest -->
  <testcase classname="pagesTest.HomePageTest" name="use_of_xpath_as_locator_in_password_button">
    <skipped/>
  </testcase> <!-- use_of_xpath_as_locator_in_password_button -->
  <testcase classname="pagesTest.HomePageTest" name="use_of_xpath_as_locator_in_forgot_user_id_hyperlink">
    <skipped/>
  </testcase> <!-- use_of_xpath_as_locator_in_forgot_user_id_hyperlink -->
  <testcase classname="pagesTest.HomePageTest" name="use_of_xpath_as_locator_in_user_name_button">
    <skipped/>
  </testcase> <!-- use_of_xpath_as_locator_in_user_name_button -->
  <testcase classname="pagesTest.HomePageTest" name="inputTextInUserIdFieldTest">
    <skipped/>
  </testcase> <!-- inputTextInUserIdFieldTest -->
</testsuite> <!-- pagesTest.HomePageTest -->
